<?xml version="1.0" encoding="UTF-8"?>
<!-- Generated by org.testng.reporters.JUnitReportReporter -->
<testsuite skipped="0" hostname="ShesiPC" name="testWithTestngData.TestHomeWithParameterizing" tests="3" failures="0" timestamp="2020-04-21T18:52:51 BST" time="90.010" errors="0">
  <testcase name="loginQaclickAccess" time="45.181" classname="testWithTestngData.TestHomeWithParameterizing"/>
  <testcase name="loginQaclickAccess" time="21.428" classname="testWithTestngData.TestHomeWithParameterizing"/>
  <testcase name="loginQaclickAccess" time="23.401" classname="testWithTestngData.TestHomeWithParameterizing"/>
</testsuite> <!-- testWithTestngData.TestHomeWithParameterizing -->
