<?xml version="1.0" encoding="UTF-8"?>
<!-- Generated by org.testng.reporters.JUnitReportReporter -->
<testsuite skipped="0" hostname="ShesiPC" name="frameWork_8.EndToEndF_New.TestHomeQaclick" tests="2" failures="0" timestamp="2020-04-21T18:52:51 BST" time="41.222" errors="0">
  <testcase name="loginQaclickAccess" time="27.828" classname="frameWork_8.EndToEndF_New.TestHomeQaclick"/>
  <testcase name="homeQaclickAccess" time="13.394" classname="frameWork_8.EndToEndF_New.TestHomeQaclick"/>
</testsuite> <!-- frameWork_8.EndToEndF_New.TestHomeQaclick -->
