<?xml version="1.0" encoding="UTF-8"?>
<!-- Generated by org.testng.reporters.JUnitReportReporter -->
<testsuite skipped="0" hostname="ShesiPC" name="testRunnerFile.TestRunner" tests="2" failures="0" timestamp="2020-04-21T18:52:51 BST" time="98.028" errors="0">
  <testcase name="runScenario" time="48.880" classname="testRunnerFile.TestRunner"/>
  <testcase name="runScenario" time="49.148" classname="testRunnerFile.TestRunner"/>
</testsuite> <!-- testRunnerFile.TestRunner -->
