<?xml version="1.0" encoding="UTF-8"?>
<!-- Generated by org.testng.reporters.JUnitReportReporter -->
<testsuite hostname="ShesiPC" name="testWithTestngData.TestHomeWithParameterizing" tests="3" failures="0" timestamp="21 Apr 2020 19:11:58 GMT" time="85.647" errors="0">
  <testcase name="loginQaclickAccess" time="44.716" classname="testWithTestngData.TestHomeWithParameterizing"/>
  <testcase name="loginQaclickAccess" time="20.813" classname="testWithTestngData.TestHomeWithParameterizing"/>
  <testcase name="loginQaclickAccess" time="20.118" classname="testWithTestngData.TestHomeWithParameterizing"/>
</testsuite> <!-- testWithTestngData.TestHomeWithParameterizing -->
