<?xml version="1.0" encoding="UTF-8"?>
<!-- Generated by org.testng.reporters.JUnitReportReporter -->
<testsuite hostname="ShesiPC" name="testRunnerFile.TestRunner" tests="2" failures="0" timestamp="21 Apr 2020 19:11:58 GMT" time="96.235" errors="0">
  <testcase name="runScenario" time="46.969" classname="testRunnerFile.TestRunner"/>
  <testcase name="runScenario" time="49.266" classname="testRunnerFile.TestRunner"/>
</testsuite> <!-- testRunnerFile.TestRunner -->
