<?xml version="1.0" encoding="UTF-8"?>
<!-- Generated by org.testng.reporters.JUnitReportReporter -->
<testsuite hostname="ShesiPC" name="frameWork_8.EndToEndF_New.TestHomeQaclick" tests="2" failures="0" timestamp="21 Apr 2020 19:11:58 GMT" time="40.178" errors="0">
  <testcase name="homeQaclickAccess" time="12.123" classname="frameWork_8.EndToEndF_New.TestHomeQaclick"/>
  <testcase name="loginQaclickAccess" time="28.055" classname="frameWork_8.EndToEndF_New.TestHomeQaclick"/>
</testsuite> <!-- frameWork_8.EndToEndF_New.TestHomeQaclick -->
